TN:
SF:wwwroot/js/sample.js
FN:6,validateProposalTitle
FN:17,validateTechnicalStack
FN:19,(anonymous_2)
FN:19,(anonymous_3)
FNF:4
FNH:4
FNDA:7,validateProposalTitle
FNDA:6,validateTechnicalStack
FNDA:11,(anonymous_2)
FNDA:11,(anonymous_3)
DA:7,7
DA:8,4
DA:9,4
DA:18,6
DA:19,11
DA:22,1
DA:23,1
LF:7
LH:7
BRDA:7,0,0,3
BRDA:7,0,1,4
BRDA:7,1,0,7
BRDA:7,1,1,4
BRDA:9,2,0,4
BRDA:9,2,1,3
BRDA:18,3,0,1
BRDA:18,3,1,5
BRDA:18,4,0,6
BRDA:18,4,1,5
BRDA:22,5,0,1
BRDA:22,5,1,0
BRDA:22,6,0,1
BRDA:22,6,1,1
BRF:14
BRH:13
end_of_record
